<?xml version="1.0" encoding="UTF-8"?>
<!-- Generated by org.testng.reporters.JUnitXMLReporter -->
<testsuite ignored="1" hostname="DESKTOP-U8F94J3" failures="0" tests="1" name="Default test" time="3.672" errors="0" timestamp="2022-08-08T09:00:13 IST">
  <testcase classname="Com.bridgelabz.ListBox" name="select_Element_ListBox" time="0.894"/>
  <testcase classname="Com.bridgelabz.ListBox" name="shorted_list" time="0.0">
    <ignored/>
  </testcase> <!-- shorted_list -->
</testsuite> <!-- Default test -->
