<?xml version="1.0" encoding="UTF-8"?>
<testng-results ignored="1" total="2" passed="1" failed="0" skipped="0">
  <reporter-output>
  </reporter-output>
  <suite started-at="2022-08-08T09:00:09 IST" name="Default suite" finished-at="2022-08-08T09:00:13 IST" duration-ms="3672">
    <groups>
    </groups>
    <test started-at="2022-08-08T09:00:09 IST" name="Default test" finished-at="2022-08-08T09:00:13 IST" duration-ms="3672">
      <class name="Com.bridgelabz.ListBox">
        <test-method is-config="true" signature="launchBrowser()[pri:0, instance:Com.bridgelabz.ListBox@f5acb9d]" started-at="2022-08-08T09:00:09 IST" name="launchBrowser" finished-at="2022-08-08T09:00:12 IST" duration-ms="2739" status="PASS">
          <reporter-output>
          </reporter-output>
        </test-method> <!-- launchBrowser -->
        <test-method signature="select_Element_ListBox()[pri:0, instance:Com.bridgelabz.ListBox@f5acb9d]" started-at="2022-08-08T09:00:12 IST" name="select_Element_ListBox" finished-at="2022-08-08T09:00:13 IST" duration-ms="894" status="PASS">
          <reporter-output>
          </reporter-output>
        </test-method> <!-- select_Element_ListBox -->
      </class> <!-- Com.bridgelabz.ListBox -->
    </test> <!-- Default test -->
  </suite> <!-- Default suite -->
</testng-results>
